<?xml version="1.0" encoding="UTF-8"?>
<!-- Generated by org.testng.reporters.JUnitReportReporter -->
<testsuite ignored="0" hostname="MGARCIA" failures="0" tests="1" name="test.NewTest" time="5.599" errors="0" timestamp="16 abr. 2022 14:33:47 GMT" skipped="0">
  <testcase classname="test.NewTest" name="Test" time="5.599"/>
</testsuite> <!-- test.NewTest -->
