<?xml version="1.0" encoding="UTF-8"?>
<!-- Generated by org.testng.reporters.JUnitReportReporter -->
<testsuite ignored="0" hostname="MGARCIA" failures="0" tests="1" name="test.NewTest" time="4.870" errors="0" timestamp="20 abr. 2022 05:23:42 GMT" skipped="0">
  <testcase classname="test.NewTest" name="Test" time="4.870"/>
</testsuite> <!-- test.NewTest -->
